<?xml version="1.0" encoding="UTF-8"?>
<!-- Generated by org.testng.reporters.JUnitReportReporter -->
<testsuite skipped="0" hostname="ATMECSINLT-044" name="com.atmecs.phptravels.tests.PhpTravels_signUp" tests="5" failures="0" timestamp="13 Sep 2019 16:51:52 GMT" time="80.975" errors="0">
  <testcase name="signUp" time="15.280" classname="com.atmecs.phptravels.tests.PhpTravels_signUp"/>
  <testcase name="signUp" time="15.906" classname="com.atmecs.phptravels.tests.PhpTravels_signUp"/>
  <testcase name="signUp" time="16.349" classname="com.atmecs.phptravels.tests.PhpTravels_signUp"/>
  <testcase name="signUp" time="15.955" classname="com.atmecs.phptravels.tests.PhpTravels_signUp"/>
  <testcase name="signUp" time="17.485" classname="com.atmecs.phptravels.tests.PhpTravels_signUp"/>
</testsuite> <!-- com.atmecs.phptravels.tests.PhpTravels_signUp -->
