<?xml version="1.0" encoding="UTF-8"?>
<!-- Generated by org.testng.reporters.JUnitReportReporter -->
<testsuite skipped="0" hostname="ATMECSINLT-044" name="com.atmecs.phptravels.tests.PhpTravels_signUp" tests="5" failures="0" timestamp="13 Sep 2019 07:14:11 GMT" time="170.172" errors="0">
  <testcase name="signUp" time="32.246" classname="com.atmecs.phptravels.tests.PhpTravels_signUp"/>
  <testcase name="signUp" time="34.511" classname="com.atmecs.phptravels.tests.PhpTravels_signUp"/>
  <testcase name="signUp" time="28.645" classname="com.atmecs.phptravels.tests.PhpTravels_signUp"/>
  <testcase name="signUp" time="35.821" classname="com.atmecs.phptravels.tests.PhpTravels_signUp"/>
  <testcase name="signUp" time="38.949" classname="com.atmecs.phptravels.tests.PhpTravels_signUp"/>
</testsuite> <!-- com.atmecs.phptravels.tests.PhpTravels_signUp -->
